[1021/165733:ERROR:process_info.cc(608)] range at 0xc2be329200000000, size 0x71 fully unreadable
[1021/165733:ERROR:process_info.cc(608)] range at 0xc2be32f400000000, size 0x71 fully unreadable
[1021/165733:ERROR:process_info.cc(608)] range at 0x0, size 0x71 fully unreadable
[1021/165734:WARNING:in_range_cast.h(38)] value 488598543996 out of range
[1021/165734:WARNING:in_range_cast.h(38)] value 488598543106 out of range
[1021/165734:WARNING:in_range_cast.h(38)] value 488598543668 out of range
[1021/165734:WARNING:in_range_cast.h(38)] value 488598543010 out of range
[1021/170056:ERROR:http_transport_win.cc(50)] WinHttpSendRequest: 与服务器的连接意外终止  (0x2EFE)
[1021/170108:ERROR:process_info.cc(608)] range at 0x40f1329000000000, size 0x9d fully unreadable
[1021/170108:ERROR:process_info.cc(608)] range at 0x40f132f200000000, size 0x9d fully unreadable
[1021/170108:ERROR:process_info.cc(608)] range at 0x0, size 0x9d fully unreadable
[1021/170108:WARNING:in_range_cast.h(38)] value 675399409274 out of range
[1021/170108:WARNING:in_range_cast.h(38)] value 675399408384 out of range
[1021/170108:WARNING:in_range_cast.h(38)] value 675399408946 out of range
[1021/170108:WARNING:in_range_cast.h(38)] value 675399408288 out of range
[1021/170653:ERROR:process_info.cc(608)] range at 0xff42329200000000, size 0x67 fully unreadable
[1021/170653:ERROR:process_info.cc(608)] range at 0xff4232f400000000, size 0x67 fully unreadable
[1021/170653:ERROR:process_info.cc(608)] range at 0x0, size 0x67 fully unreadable
[1021/170653:WARNING:in_range_cast.h(38)] value 446664154746 out of range
[1021/170653:WARNING:in_range_cast.h(38)] value 446664153856 out of range
[1021/170653:WARNING:in_range_cast.h(38)] value 446664154418 out of range
[1021/170653:WARNING:in_range_cast.h(38)] value 446664153760 out of range
[1024/135652:ERROR:process_info.cc(608)] range at 0x19e332f600000000, size 0x4 fully unreadable
[1024/135652:ERROR:process_info.cc(608)] range at 0x19e3335800000000, size 0x4 fully unreadable
[1024/135652:ERROR:process_info.cc(608)] range at 0x0, size 0x4 fully unreadable
[1024/135653:WARNING:in_range_cast.h(38)] value 17614184148 out of range
[1024/135653:WARNING:in_range_cast.h(38)] value 17614183258 out of range
[1024/135653:WARNING:in_range_cast.h(38)] value 17614183820 out of range
[1024/135653:WARNING:in_range_cast.h(38)] value 17614183162 out of range
[1024/135654:ERROR:scoped_process_suspend.cc(38)] NtResumeProcess: 已尝试访问正在退出的过程。  (0xc000010a)
[1024/140016:ERROR:http_transport_win.cc(50)] WinHttpSendRequest: 与服务器的连接意外终止  (0x2EFE)
[1024/140536:ERROR:process_info.cc(608)] range at 0x326c32f600000000, size 0xba fully unreadable
[1024/140536:ERROR:process_info.cc(608)] range at 0x326c335800000000, size 0xba fully unreadable
[1024/140536:ERROR:process_info.cc(608)] range at 0x0, size 0xba fully unreadable
[1024/140536:WARNING:in_range_cast.h(38)] value 799709863636 out of range
[1024/140536:WARNING:in_range_cast.h(38)] value 799709862746 out of range
[1024/140536:WARNING:in_range_cast.h(38)] value 799709863308 out of range
[1024/140536:WARNING:in_range_cast.h(38)] value 799709862650 out of range
[1024/142231:ERROR:process_info.cc(608)] range at 0xd58b32dc00000000, size 0x11 fully unreadable
[1024/142231:ERROR:process_info.cc(608)] range at 0xd58b333e00000000, size 0x11 fully unreadable
[1024/142231:ERROR:process_info.cc(608)] range at 0x0, size 0x11 fully unreadable
[1024/142231:WARNING:in_range_cast.h(38)] value 76597108434 out of range
[1024/142231:WARNING:in_range_cast.h(38)] value 76597107544 out of range
[1024/142231:WARNING:in_range_cast.h(38)] value 76597108106 out of range
[1024/142231:WARNING:in_range_cast.h(38)] value 76597107448 out of range
[1028/091517:ERROR:process_info.cc(608)] range at 0x70da32f200000000, size 0xca fully unreadable
[1028/091517:ERROR:process_info.cc(608)] range at 0x70da335400000000, size 0xca fully unreadable
[1028/091517:ERROR:process_info.cc(608)] range at 0x0, size 0xca fully unreadable
[1028/091518:WARNING:in_range_cast.h(38)] value 869476736724 out of range
[1028/091518:WARNING:in_range_cast.h(38)] value 869476735834 out of range
[1028/091518:WARNING:in_range_cast.h(38)] value 869476736396 out of range
[1028/091518:WARNING:in_range_cast.h(38)] value 869476735738 out of range
[1028/091719:ERROR:process_info.cc(608)] range at 0xa79d32f400000000, size 0xfd fully unreadable
[1028/091719:ERROR:process_info.cc(608)] range at 0xa79d335600000000, size 0xfd fully unreadable
[1028/091719:ERROR:process_info.cc(608)] range at 0x0, size 0xfd fully unreadable
[1028/091719:WARNING:in_range_cast.h(38)] value 1089438818004 out of range
[1028/091719:WARNING:in_range_cast.h(38)] value 1089438817114 out of range
[1028/091719:WARNING:in_range_cast.h(38)] value 1089438817676 out of range
[1028/091719:WARNING:in_range_cast.h(38)] value 1089438817018 out of range
[1028/091724:ERROR:http_transport_win.cc(50)] WinHttpSendRequest: 操作超时  (0x2EE2)
[1028/091925:ERROR:http_transport_win.cc(50)] WinHttpSendRequest: 操作超时  (0x2EE2)
[1029/085558:ERROR:process_info.cc(608)] range at 0xd46348200000000, size 0xe4 fully unreadable
[1029/085558:ERROR:process_info.cc(608)] range at 0xd4634e400000000, size 0xe4 fully unreadable
[1029/085558:ERROR:process_info.cc(608)] range at 0x0, size 0xe4 fully unreadable
[1029/085559:WARNING:in_range_cast.h(38)] value 979475243024 out of range
[1029/085559:WARNING:in_range_cast.h(38)] value 979475242036 out of range
[1029/085559:WARNING:in_range_cast.h(38)] value 979475242598 out of range
[1029/085559:WARNING:in_range_cast.h(38)] value 979475241860 out of range
[1029/085805:ERROR:http_transport_win.cc(50)] WinHttpSendRequest: 操作超时  (0x2EE2)
[1029/094549:ERROR:process_info.cc(608)] range at 0x4f34348200000000, size 0x32 fully unreadable
[1029/094549:ERROR:process_info.cc(608)] range at 0x4f3434e600000000, size 0x32 fully unreadable
[1029/094549:ERROR:process_info.cc(608)] range at 0x0, size 0x32 fully unreadable
[1029/094549:WARNING:in_range_cast.h(38)] value 216077180944 out of range
[1029/094549:WARNING:in_range_cast.h(38)] value 216077179956 out of range
[1029/094549:WARNING:in_range_cast.h(38)] value 216077180518 out of range
[1029/094549:WARNING:in_range_cast.h(38)] value 216077179780 out of range
[1030/201955:ERROR:process_info.cc(608)] range at 0xde1d347800000000, size 0x3c fully unreadable
[1030/201956:ERROR:process_info.cc(608)] range at 0xde1d34da00000000, size 0x3c fully unreadable
[1030/201956:ERROR:process_info.cc(608)] range at 0x0, size 0x3c fully unreadable
[1030/201956:WARNING:in_range_cast.h(38)] value 261424488464 out of range
[1030/201956:WARNING:in_range_cast.h(38)] value 261424487476 out of range
[1030/201956:WARNING:in_range_cast.h(38)] value 261424488038 out of range
[1030/201956:WARNING:in_range_cast.h(38)] value 261424487300 out of range
[1030/202202:ERROR:http_transport_win.cc(50)] WinHttpSendRequest: 操作超时  (0x2EE2)
[1031/072806:ERROR:process_info.cc(608)] range at 0x2f9f347e00000000, size 0xf7 fully unreadable
[1031/072806:ERROR:process_info.cc(608)] range at 0x2f9f34e200000000, size 0xf7 fully unreadable
[1031/072806:ERROR:process_info.cc(608)] range at 0x0, size 0xf7 fully unreadable
[1031/072806:WARNING:in_range_cast.h(38)] value 1061655879700 out of range
[1031/072806:WARNING:in_range_cast.h(38)] value 1061655878712 out of range
[1031/072806:WARNING:in_range_cast.h(38)] value 1061655879274 out of range
[1031/072806:WARNING:in_range_cast.h(38)] value 1061655878536 out of range
[1031/082708:ERROR:http_transport_win.cc(50)] WinHttpSendRequest: 操作超时  (0x2EE2)
[1031/104003:ERROR:process_info.cc(608)] range at 0xef45348000000000, size 0x8 fully unreadable
[1031/104003:ERROR:process_info.cc(608)] range at 0xef4534e400000000, size 0x8 fully unreadable
[1031/104003:ERROR:process_info.cc(608)] range at 0x0, size 0x8 fully unreadable
[1031/104004:WARNING:in_range_cast.h(38)] value 38374023186 out of range
[1031/104004:WARNING:in_range_cast.h(38)] value 38374022198 out of range
[1031/104004:WARNING:in_range_cast.h(38)] value 38374022760 out of range
[1031/104004:WARNING:in_range_cast.h(38)] value 38374022022 out of range
[1031/104326:ERROR:http_transport_win.cc(50)] WinHttpSendRequest: 与服务器的连接意外终止  (0x2EFE)
[1031/105344:ERROR:process_info.cc(608)] range at 0xe90e348400000000, size 0xa3 fully unreadable
[1031/105344:ERROR:process_info.cc(608)] range at 0xe90e34e800000000, size 0xa3 fully unreadable
[1031/105344:ERROR:process_info.cc(608)] range at 0x0, size 0xa3 fully unreadable
[1031/105344:WARNING:in_range_cast.h(38)] value 703989686292 out of range
[1031/105344:WARNING:in_range_cast.h(38)] value 703989685304 out of range
[1031/105344:WARNING:in_range_cast.h(38)] value 703989685866 out of range
[1031/105344:WARNING:in_range_cast.h(38)] value 703989685128 out of range
[1031/165037:ERROR:process_info.cc(608)] range at 0x7006348200000000, size 0x8e fully unreadable
[1031/165037:ERROR:process_info.cc(608)] range at 0x700634e400000000, size 0x8e fully unreadable
[1031/165037:ERROR:process_info.cc(608)] range at 0x0, size 0x8e fully unreadable
[1031/165037:WARNING:in_range_cast.h(38)] value 611764805650 out of range
[1031/165037:WARNING:in_range_cast.h(38)] value 611764804662 out of range
[1031/165037:WARNING:in_range_cast.h(38)] value 611764805224 out of range
[1031/165037:WARNING:in_range_cast.h(38)] value 611764804486 out of range
[1031/165037:ERROR:http_transport_win.cc(50)] WinHttpSendRequest: 无法解析服务器的名称或地址  (0x2EE7)
[1102/003006:ERROR:process_info.cc(608)] range at 0xf89d347400000000, size 0x73 fully unreadable
[1102/003006:ERROR:process_info.cc(608)] range at 0xf89d34d600000000, size 0x73 fully unreadable
[1102/003006:ERROR:process_info.cc(608)] range at 0x0, size 0x73 fully unreadable
[1102/003006:WARNING:in_range_cast.h(38)] value 498092285966 out of range
[1102/003006:WARNING:in_range_cast.h(38)] value 498092284978 out of range
[1102/003006:WARNING:in_range_cast.h(38)] value 498092285540 out of range
[1102/003006:WARNING:in_range_cast.h(38)] value 498092284802 out of range
[1102/003129:ERROR:process_info.cc(608)] range at 0x2f08347000000000, size 0x10 fully unreadable
[1102/003129:ERROR:process_info.cc(608)] range at 0x2f0834d000000000, size 0x10 fully unreadable
[1102/003129:ERROR:process_info.cc(608)] range at 0x0, size 0x10 fully unreadable
[1102/003129:WARNING:in_range_cast.h(38)] value 69508538382 out of range
[1102/003129:WARNING:in_range_cast.h(38)] value 69508537394 out of range
[1102/003129:WARNING:in_range_cast.h(38)] value 69508537956 out of range
[1102/003129:WARNING:in_range_cast.h(38)] value 69508537218 out of range
[1102/003212:ERROR:http_transport_win.cc(50)] WinHttpSendRequest: 操作超时  (0x2EE2)
[1102/003335:ERROR:http_transport_win.cc(50)] WinHttpSendRequest: 操作超时  (0x2EE2)
[1103/154821:ERROR:process_info.cc(608)] range at 0x9dad348400000000, size 0x73 fully unreadable
[1103/154821:ERROR:process_info.cc(608)] range at 0x9dad34e600000000, size 0x73 fully unreadable
[1103/154821:ERROR:process_info.cc(608)] range at 0x0, size 0x73 fully unreadable
[1103/154821:WARNING:in_range_cast.h(38)] value 496566607890 out of range
[1103/154821:WARNING:in_range_cast.h(38)] value 496566606902 out of range
[1103/154821:WARNING:in_range_cast.h(38)] value 496566607464 out of range
[1103/154821:WARNING:in_range_cast.h(38)] value 496566606726 out of range
[1103/155143:ERROR:http_transport_win.cc(50)] WinHttpSendRequest: 与服务器的连接意外终止  (0x2EFE)
[1103/161747:ERROR:process_info.cc(608)] range at 0x864c348200000000, size 0xd1 fully unreadable
[1103/161747:ERROR:process_info.cc(608)] range at 0x864c34e400000000, size 0xd1 fully unreadable
[1103/161747:ERROR:process_info.cc(608)] range at 0x0, size 0xd1 fully unreadable
[1103/161747:WARNING:in_range_cast.h(38)] value 899901300756 out of range
[1103/161747:WARNING:in_range_cast.h(38)] value 899901299768 out of range
[1103/161747:WARNING:in_range_cast.h(38)] value 899901300330 out of range
[1103/161747:WARNING:in_range_cast.h(38)] value 899901299592 out of range
[1103/230135:ERROR:process_info.cc(608)] range at 0x1be6348200000000, size 0x50 fully unreadable
[1103/230135:ERROR:process_info.cc(608)] range at 0x1be634e400000000, size 0x50 fully unreadable
[1103/230135:ERROR:process_info.cc(608)] range at 0x0, size 0x50 fully unreadable
[1103/230135:WARNING:in_range_cast.h(38)] value 344065450002 out of range
[1103/230135:WARNING:in_range_cast.h(38)] value 344065449014 out of range
[1103/230135:WARNING:in_range_cast.h(38)] value 344065449576 out of range
[1103/230135:WARNING:in_range_cast.h(38)] value 344065448838 out of range
[1103/230342:ERROR:http_transport_win.cc(50)] WinHttpSendRequest: 操作超时  (0x2EE2)
[1104/004152:ERROR:process_info.cc(608)] range at 0xfdc6348200000000, size 0xc3 fully unreadable
[1104/004152:ERROR:process_info.cc(608)] range at 0xe1d4348400000000, size 0x6a fully unreadable
[1104/004152:ERROR:process_info.cc(608)] range at 0xfdc634e400000000, size 0xc3 fully unreadable
[1104/004152:ERROR:process_info.cc(608)] range at 0xe1d434e600000000, size 0x6a fully unreadable
[1104/004152:ERROR:process_info.cc(608)] range at 0x0, size 0xc3 fully unreadable
[1104/004152:ERROR:process_info.cc(608)] range at 0x0, size 0x6a fully unreadable
[1104/004153:WARNING:in_range_cast.h(38)] value 459055308818 out of range
[1104/004153:WARNING:in_range_cast.h(38)] value 459055307830 out of range
[1104/004153:WARNING:in_range_cast.h(38)] value 459055308392 out of range
[1104/004153:WARNING:in_range_cast.h(38)] value 459055307654 out of range
[1104/004153:WARNING:in_range_cast.h(38)] value 841776242708 out of range
[1104/004153:WARNING:in_range_cast.h(38)] value 841776241720 out of range
[1104/004153:WARNING:in_range_cast.h(38)] value 841776242282 out of range
[1104/004153:WARNING:in_range_cast.h(38)] value 841776241544 out of range
[1104/004359:ERROR:http_transport_win.cc(50)] WinHttpSendRequest: 操作超时  (0x2EE2)
[1104/004359:ERROR:http_transport_win.cc(50)] WinHttpSendRequest: 操作超时  (0x2EE2)
[1104/085344:ERROR:process_info.cc(608)] range at 0xb22a348200000000, size 0xd0 fully unreadable
[1104/085344:ERROR:process_info.cc(608)] range at 0xb22a34e400000000, size 0xd0 fully unreadable
[1104/085344:ERROR:process_info.cc(608)] range at 0x0, size 0xd0 fully unreadable
[1104/085344:WARNING:in_range_cast.h(38)] value 896342302740 out of range
[1104/085344:WARNING:in_range_cast.h(38)] value 896342301752 out of range
[1104/085344:WARNING:in_range_cast.h(38)] value 896342302314 out of range
[1104/085344:WARNING:in_range_cast.h(38)] value 896342301576 out of range
[1104/085344:ERROR:http_transport_win.cc(50)] WinHttpSendRequest: 无法解析服务器的名称或地址  (0x2EE7)
[1104/131513:ERROR:process_info.cc(608)] range at 0xdda347a00000000, size 0xa2 fully unreadable
[1104/131513:ERROR:process_info.cc(608)] range at 0xdda34dc00000000, size 0xa2 fully unreadable
[1104/131513:ERROR:process_info.cc(608)] range at 0x0, size 0xa2 fully unreadable
[1104/131513:WARNING:in_range_cast.h(38)] value 696017100820 out of range
[1104/131513:WARNING:in_range_cast.h(38)] value 696017099832 out of range
[1104/131513:WARNING:in_range_cast.h(38)] value 696017100394 out of range
[1104/131513:WARNING:in_range_cast.h(38)] value 696017099656 out of range
[1104/131839:ERROR:http_transport_win.cc(50)] WinHttpSendRequest: 与服务器的连接意外终止  (0x2EFE)
[1104/135009:ERROR:process_info.cc(608)] range at 0xca94347e00000000, size 0xa fully unreadable
[1104/135009:ERROR:process_info.cc(608)] range at 0xca9434e000000000, size 0xa fully unreadable
[1104/135009:ERROR:process_info.cc(608)] range at 0x0, size 0xa fully unreadable
[1104/135009:WARNING:in_range_cast.h(38)] value 46348378130 out of range
[1104/135009:WARNING:in_range_cast.h(38)] value 46348377142 out of range
[1104/135009:WARNING:in_range_cast.h(38)] value 46348377704 out of range
[1104/135009:WARNING:in_range_cast.h(38)] value 46348376966 out of range
[1111/162429:ERROR:process_info.cc(608)] range at 0x519a348000000000, size 0x1a fully unreadable
[1111/162430:ERROR:process_info.cc(608)] range at 0x519a34e200000000, size 0x1a fully unreadable
[1111/162430:ERROR:process_info.cc(608)] range at 0x0, size 0x1a fully unreadable
[1111/162430:WARNING:in_range_cast.h(38)] value 113038204948 out of range
[1111/162430:WARNING:in_range_cast.h(38)] value 113038203960 out of range
[1111/162430:WARNING:in_range_cast.h(38)] value 113038204522 out of range
[1111/162430:WARNING:in_range_cast.h(38)] value 113038203784 out of range
[1111/162752:ERROR:http_transport_win.cc(50)] WinHttpSendRequest: 与服务器的连接意外终止  (0x2EFE)
